[www.eloge.com.vn/tinhchatocsenbi.html]
[backblue.gif]
[fade.gif]
[index.html]
[w.ladicdn.com_443/5cac8dd351b1a927d2dfd0c1/franglucal-tang-franheat-20211014092920.png]
[w.ladicdn.com/v2/source/ladipage.vi.minb93c.js]
[w.ladicdn.com/s1440x490/5cac8dd351b1a927d2dfd0c1/white-blurred-futuristic-technology-background_23-2148402775-20211014080353.jpg]
[w.ladicdn.com/s550x400/5cac8dd351b1a927d2dfd0c1/yeu-em-2-20200417153117-20211013084328.png]
[w.ladicdn.com/s700x700/5cac8dd351b1a927d2dfd0c1/demo5-removebg-preview-20211013085511.png]
[w.ladicdn.com/s450x450/5cac8dd351b1a927d2dfd0c1/dau-03-20211013085511.png]
[w.ladicdn.com/5cac8dd351b1a927d2dfd0c1/quoc-ky-bi-1024x686-20211013085731.gif]
[w.ladicdn.com/s450x450/5cac8dd351b1a927d2dfd0c1/thoai-hoa-20211013090630.png]
[w.ladicdn.com/s450x450/5cac8dd351b1a927d2dfd0c1/hang-20211013093745.png]
[w.ladicdn.com/s450x450/5cac8dd351b1a927d2dfd0c1/goi-20211013093745.png]
[w.ladicdn.com/s450x450/5cac8dd351b1a927d2dfd0c1/thap-20211013093745.png]
[w.ladicdn.com/s1440x4156/5cac8dd351b1a927d2dfd0c1/background-20211013093932.jpg]
[img.youtube.com/vi/2QwV1fsSxKY/hqdefault.jpg]
[img.youtube.com/vi/4Qhv21hqHt0/hqdefault.jpg]
[w.ladicdn.com/s1100x750/5cac8dd351b1a927d2dfd0c1/thanh-phan-tinh-chat-oc-sen-20211013104052.jpg]
[w.ladicdn.com/s1440x1359/5cac8dd351b1a927d2dfd0c1/background-20211013093932.jpg]
[img.youtube.com/vi/TcU2OQ2sBdM/hqdefault.jpg]
[img.youtube.com/vi/3lAp2hSfLPs/hqdefault.jpg]
[img.youtube.com/vi/gikUwQP5uNE/hqdefault.jpg]
[w.ladicdn.com/s900x750/5cac8dd351b1a927d2dfd0c1/2-20211014045016.png]
[w.ladicdn.com/s700x850/5cac8dd351b1a927d2dfd0c1/1-20211014045016.png]
[w.ladicdn.com/s1440x655/5cac8dd351b1a927d2dfd0c1/photo_2020-03-28_11-00-49-2-20200417092414-20211013083702.jpg]
[w.ladicdn.com/s850x650/5cac8dd351b1a927d2dfd0c1/z2419354169665_154bea57a7a7fc58d6bb7fed58e95403-20211013104107.jpg]
[w.ladicdn.com/s750x650/5cac8dd351b1a927d2dfd0c1/gel-20211014063755.jpg]
[w.ladicdn.com/s650x650/5cac8dd351b1a927d2dfd0c1/franglucal-tang-franheat-20211014092920.png]
[w.ladicdn.com/s750x750/5cac8dd351b1a927d2dfd0c1/demo5-removebg-preview-20211013085511.png]
[w.ladicdn.com/s700x700/5cac8dd351b1a927d2dfd0c1/white-blurred-futuristic-technology-background_23-2148402775-20211014080353.jpg]
[w.ladicdn.com/s400x400/5cac8dd351b1a927d2dfd0c1/a1-20211014081440.jpg]
[w.ladicdn.com/s400x400/5cac8dd351b1a927d2dfd0c1/a2-20211014081543.jpg]
[w.ladicdn.com/s400x400/5cac8dd351b1a927d2dfd0c1/a3-20211014081543.jpg]
[w.ladicdn.com/s550x350/5cac8dd351b1a927d2dfd0c1/logo-20211014082229.jpg]
[w.ladicdn.com/s350x400/5cac8dd351b1a927d2dfd0c1/demo5-removebg-preview-20211013085511.png]
[w.ladicdn.com/s650x1050/5cac8dd351b1a927d2dfd0c1/4-20220330051311.jpg]
[w.ladicdn.com/s650x1050/5cac8dd351b1a927d2dfd0c1/2-20220330051310.jpg]
[w.ladicdn.com/s650x1050/5cac8dd351b1a927d2dfd0c1/6-20220330051304.jpg]
[w.ladicdn.com/s500x500/5cac8dd351b1a927d2dfd0c1/franglucal-tang-franheat-20211014092920.png]
[w.ladicdn.com/s850x850/5cac8dd351b1a927d2dfd0c1/thuviendohoavn_46-20211014064332.png]
[w.ladicdn.com/s500x500/5cac8dd351b1a927d2dfd0c1/dau-03-20211013085511.png]
[w.ladicdn.com/s450x400/5cac8dd351b1a927d2dfd0c1/230px-flag_of_north_vietnam_19551976svg-20211013085729.png]
[w.ladicdn.com/s650x650/5cac8dd351b1a927d2dfd0c1/thanh-phan-20210607045325.jpg]
[w.ladicdn.com/s950x950/58f6ddcc69853b140a0feabc/khop-20211014155952.jpg]
[w.ladicdn.com/s550x400/58f6ddcc69853b140a0feabc/z2543860890703_e065f8aa2ea56bdfb4e787c15c11167d-20211014164510.jpg]
[w.ladicdn.com/s550x500/5cac8dd351b1a927d2dfd0c1/sem-05-20210607072417.png]
[w.ladicdn.com/s650x550/5cac8dd351b1a927d2dfd0c1/happy-senior-couple-smiling_256588-841-20210330093013.png]
[w.ladicdn.com/s1440x532/5c7362c6c417ab07e5196b05/234-20200723063855.jpg]
[w.ladicdn.com/s600x600/5c7362c6c417ab07e5196b05/io-20200723061141.png]
[w.ladicdn.com/s550x500/5c7362c6c417ab07e5196b05/uiyt-20200715085918.png]
[img.youtube.com/vi/MHcaCItO1FM/hqdefault.jpg]
[img.youtube.com/vi/UzymSUkJBio/hqdefault.jpg]
[img.youtube.com/vi/ATHPAV2_HUU/hqdefault.jpg]
[img.youtube.com/vi/VAJYpypciss/hqdefault.jpg]
[w.ladicdn.com/s550x650/5cac8dd351b1a927d2dfd0c1/cong-bo-sp-20210607084052.jpg]
[w.ladicdn.com/s550x650/5cac8dd351b1a927d2dfd0c1/kiem-nghiem-khong-chat-corticodd-20210607084716.jpg]
[w.ladicdn.com/s550x650/5cac8dd351b1a927d2dfd0c1/giay-nhap-khau-tu-bi-20210607085051.jpg]
[w.ladicdn.com/s550x650/5cac8dd351b1a927d2dfd0c1/giay-phep-quang-cao-20210607085051.jpg]
[w.ladicdn.com/s550x550/5c7362c6c417ab07e5196b05/grtyw5wtg54-20210112024612.png]
[w.ladicdn.com/s850x550/5cac8dd351b1a927d2dfd0c1/franglucal-extra-check2-04-20210330093009.png]
[w.ladicdn.com/s550x350/5c7362c6c417ab07e5196b05/rftwrtfwe-20210112022401.png]
[w.ladicdn.com/s450x450/5cac8dd351b1a927d2dfd0c1/dau-03-20210520081423.png]
[w.ladicdn.com/s500x400/5c7362c6c417ab07e5196b05/ghru65356y54-20210112024612.png]
[w.ladicdn.com/s700x700/5cac8dd351b1a927d2dfd0c1/demo5-removebg-preview-20210330093009.png]
[w.ladicdn.com/s900x700/5cac8dd351b1a927d2dfd0c1/z3186062168436_69d82b17dfda43565e9c5c6be8fb4e04-20220217063128.jpg]
[w.ladicdn.com/s400x350/5c7362c6c417ab07e5196b05/sfdew-20210112022732.png]
[w.ladicdn.com/s500x450/5cac8dd351b1a927d2dfd0c1/sem-05-20210330093009.png]
[w.ladicdn.com/s950x700/5cac8dd351b1a927d2dfd0c1/nghien-cuu-oc-sen-bi-20210617050929.jpg]
[w.ladicdn.com/s650x500/5cac8dd351b1a927d2dfd0c1/thanh-phan-tinh-chat-oc-sen-20210616065220.jpg]
[img.youtube.com/vi/sTVfSKmgJ8c/hqdefault.jpg]
[w.ladicdn.com/s400x400/5cac8dd351b1a927d2dfd0c1/demo5-removebg-preview-20210330093009.png]
[w.ladicdn.com/s400x400/5cac8dd351b1a927d2dfd0c1/092404ducthao-20210611075020.jpg]
[w.ladicdn.com/s350x350/5c7362c6c417ab07e5196b05/df-20191029092328.png]
[w.ladicdn.com/s400x400/5cac8dd351b1a927d2dfd0c1/untitled-design-1-20210611093652.jpg]
[w.ladicdn.com/s400x400/5cac8dd351b1a927d2dfd0c1/19369831_1100694940032616_327202972_n-1-20210611093836.jpg]
[w.ladicdn.com/s400x400/5cac8dd351b1a927d2dfd0c1/s_-3-20210611093929.jpg]
[w.ladicdn.com/s400x400/5cac8dd351b1a927d2dfd0c1/234-20210611094101.jpg]
[w.ladicdn.com/s400x400/5cac8dd351b1a927d2dfd0c1/tsbs-thu-ha--20210611093740.jpg]
[w.ladicdn.com/s400x400/5cac8dd351b1a927d2dfd0c1/gs-phan-thanh-nam-dat-giai-thuong-nha-khoa-hoc-tre-ve-vat-ly-toan-2018-cua-hoi-vat-ly-va-ung-dung-quoc-te-20210611094212.jpg]
[w.ladicdn.com/s400x400/5c7362c6c417ab07e5196b05/w8oo-gwi20210125044343.jpg]
[w.ladicdn.com/s400x400/5cac8dd351b1a927d2dfd0c1/chi-phuong-20210611095143.jpg]
[w.ladicdn.com/s400x400/5cac8dd351b1a927d2dfd0c1/images-1-20210611095309.jpg]
[w.ladicdn.com/s768x983/5cac8dd351b1a927d2dfd0c1/white-blurred-futuristic-technology-background_23-2148402775-20211014080353.jpg]
[w.ladicdn.com/s500x400/5cac8dd351b1a927d2dfd0c1/yeu-em-2-20200417153117-20211013084328.png]
[w.ladicdn.com/s650x650/5cac8dd351b1a927d2dfd0c1/demo5-removebg-preview-20211013085511.png]
[w.ladicdn.com/s768x5884/5cac8dd351b1a927d2dfd0c1/background-20211013093932.jpg]
[w.ladicdn.com/s750x550/5cac8dd351b1a927d2dfd0c1/thanh-phan-tinh-chat-oc-sen-20211013104052.jpg]
[w.ladicdn.com/s768x2988/5cac8dd351b1a927d2dfd0c1/background-20211013093932.jpg]
[w.ladicdn.com/s750x600/5cac8dd351b1a927d2dfd0c1/2-20211014045016.png]
[w.ladicdn.com/s700x900/5cac8dd351b1a927d2dfd0c1/1-20211014045016.png]
[w.ladicdn.com/s768x1286/5cac8dd351b1a927d2dfd0c1/photo_2020-03-28_11-00-49-2-20200417092414-20211013083702.jpg]
[w.ladicdn.com/s700x600/5cac8dd351b1a927d2dfd0c1/z2419354169665_154bea57a7a7fc58d6bb7fed58e95403-20211013104107.jpg]
[w.ladicdn.com/s700x650/5cac8dd351b1a927d2dfd0c1/gel-20211014063755.jpg]
[w.ladicdn.com/s600x650/5cac8dd351b1a927d2dfd0c1/franglucal-tang-franheat-20211014092920.png]
[w.ladicdn.com/s700x650/5cac8dd351b1a927d2dfd0c1/white-blurred-futuristic-technology-background_23-2148402775-20211014080353.jpg]
[w.ladicdn.com/s700x1250/5cac8dd351b1a927d2dfd0c1/4-20220330051311.jpg]
[w.ladicdn.com/s700x1050/5cac8dd351b1a927d2dfd0c1/2-20220330051310.jpg]
[w.ladicdn.com/s700x1250/5cac8dd351b1a927d2dfd0c1/6-20220330051304.jpg]
[w.ladicdn.com/s600x400/5cac8dd351b1a927d2dfd0c1/logo-20211014082229.jpg]
[w.ladicdn.com/s650x700/5cac8dd351b1a927d2dfd0c1/franglucal-tang-franheat-20211014092920.png]
[w.ladicdn.com/s750x900/5cac8dd351b1a927d2dfd0c1/thuviendohoavn_46-20211014064332.png]
[w.ladicdn.com/s750x700/5cac8dd351b1a927d2dfd0c1/thanh-phan-20210607045325.jpg]
[w.ladicdn.com/s750x700/58f6ddcc69853b140a0feabc/khop-20211014155952.jpg]
[w.ladicdn.com/s450x400/58f6ddcc69853b140a0feabc/z2543860890703_e065f8aa2ea56bdfb4e787c15c11167d-20211014164510.jpg]
[w.ladicdn.com/s450x450/5cac8dd351b1a927d2dfd0c1/sem-05-20210607072417.png]
[w.ladicdn.com/s768x934/5c7362c6c417ab07e5196b05/vtc-20200723094927.jpg]
[w.ladicdn.com/s500x450/5c7362c6c417ab07e5196b05/io-20200723061141.png]
[w.ladicdn.com/s650x800/5cac8dd351b1a927d2dfd0c1/cong-bo-sp-20210607084052.jpg]
[w.ladicdn.com/s650x800/5cac8dd351b1a927d2dfd0c1/kiem-nghiem-khong-chat-corticodd-20210607084716.jpg]
[w.ladicdn.com/s650x800/5cac8dd351b1a927d2dfd0c1/giay-nhap-khau-tu-bi-20210607085051.jpg]
[w.ladicdn.com/s650x800/5cac8dd351b1a927d2dfd0c1/giay-phep-quang-cao-20210607085051.jpg]
[w.ladicdn.com/s750x500/5cac8dd351b1a927d2dfd0c1/franglucal-extra-check2-04-20210330093009.png]
[w.ladicdn.com/s500x500/5cac8dd351b1a927d2dfd0c1/dau-03-20210520081423.png]
[w.ladicdn.com/s750x600/5cac8dd351b1a927d2dfd0c1/z3186062168436_69d82b17dfda43565e9c5c6be8fb4e04-20220217063128.jpg]
[w.ladicdn.com/s350x350/5c7362c6c417ab07e5196b05/sfdew-20210112022732.png]
[w.ladicdn.com/s450x450/5cac8dd351b1a927d2dfd0c1/sem-05-20210330093009.png]
[w.ladicdn.com/s750x550/5cac8dd351b1a927d2dfd0c1/nghien-cuu-oc-sen-bi-20210617050929.jpg]
[w.ladicdn.com/s750x550/5cac8dd351b1a927d2dfd0c1/thanh-phan-tinh-chat-oc-sen-20210616065220.jpg]
[w.ladicdn.com/s550x550/5cac8dd351b1a927d2dfd0c1/demo5-removebg-preview-20210330093009.png]
[connect.facebook.net/en_US/fbevents.js]
[w.ladicdn.com/v2/source/ladipage.minb93c.css]
[www.eloge.com.vn/tinhchatocsenbi.html]
[www.eloge.com.vn/c.html]
[w.ladicdn.com/v2/source/dataset.minb93c.js]
[www.eloge.com.vn/b.html]
[connect.facebook.net/en_US/fbevents.js]
[w.ladicdn.com/v2/source/ladipage.minb93c.css]
[www.eloge.com.vn/c.html]
[www.eloge.com.vn/b.html]
[www.eloge.com.vn/POST.html]
[www.eloge.com.vn/POST.html]
